2021-01-12 12:35:39,391 [INFO] Activator:170 - 


2021-01-12 12:35:39,392 [INFO] Activator:171 - !SESSION log4j initialized
2021-01-12 12:36:05,119 [INFO] RetryExec:97 - I/O exception (java.net.SocketException) caught when processing request to {}->http://sw-center.st.com:80: Socket closed
2021-01-12 12:36:05,120 [INFO] RetryExec:113 - Retrying request to {}->http://sw-center.st.com:80
2021-01-12 14:23:48,191 [INFO] Activator:170 - 


2021-01-12 14:23:48,194 [INFO] Activator:171 - !SESSION log4j initialized
2021-01-12 14:24:18,876 [INFO] McuFinderGlobals:40 - Set McuFinder mode to 2 (CubeIDE integrated)
2021-01-12 14:24:18,991 [INFO] ApplicationProperties:181 - Using Application install path: /opt/st/stm32cubeide_1.5.1/plugins/com.st.stm32cube.common.mx_6.1.1.202012091304
2021-01-12 14:24:19,005 [INFO] DbMcusXml:71 - Set database path to: /opt/st/stm32cubeide_1.5.1/plugins/com.st.stm32cube.common.mx_6.1.1.202012091304//db//mcu/
2021-01-12 14:24:19,009 [INFO] DbBoardsPdsc:57 - Set plugin database path to: /opt/st/stm32cubeide_1.5.1/plugins/com.st.stm32cube.common.mx_6.1.1.202012091304//db//plugins/boardmanager/
2021-01-12 14:24:19,009 [INFO] DbMcus:259 - Set plugin images path to: /opt/st/stm32cubeide_1.5.1/plugins/com.st.stm32cube.common.mx_6.1.1.202012091304//db//plugins/mcufinder/images/
2021-01-12 14:24:19,009 [INFO] DbBoards:265 - Set plugin images path to: /opt/st/stm32cubeide_1.5.1/plugins/com.st.stm32cube.common.mx_6.1.1.202012091304//db//plugins/mcufinder/images/
2021-01-12 14:24:19,012 [INFO] DbExamples:329 - Set plugin images path to: /opt/st/stm32cubeide_1.5.1/plugins/com.st.stm32cube.common.mx_6.1.1.202012091304//db//plugins/mcufinder/images/
2021-01-12 14:24:19,799 [WARN] ApiFinderProperties:99 - /home/keith/.stmcufinder/plugins/mcufinder/mcu/mcuFinder.mfd doesn't exist
2021-01-12 14:24:19,800 [INFO] DbMcusDocs:112 - Set database path to: /home/keith/.stmcufinder/plugins/mcufinder//mcu/
2021-01-12 14:24:19,802 [INFO] DbMcusJson:63 - Set database path to: /home/keith/.stmcufinder/plugins/mcufinder//mcu/
2021-01-12 14:24:19,803 [INFO] DbBoardsDocs:112 - Set database path to: /home/keith/.stmcufinder/plugins/mcufinder//mcu/
2021-01-12 14:24:19,804 [INFO] DbBoardsJson:56 - Set database path to: /home/keith/.stmcufinder/plugins/mcufinder//mcu/
2021-01-12 14:24:19,975 [INFO] CrossReferenceDbSqlite:196 - Set database path to: /home/keith/.stmcufinder/plugins/mcufinder//mcu/cs/
2021-01-12 14:24:19,979 [INFO] DbExamplesSqlite:699 - Set database path to: /home/keith/.stmcufinder/plugins/mcufinder//mcu/
2021-01-12 14:24:20,098 [INFO] RulesReader:52 - Compatibility file has been processed (228 Rules)
2021-01-12 14:24:20,163 [INFO] MicroXplorer:565 - Detected Java Version = 1.8.0_272
2021-01-12 14:24:20,165 [INFO] DbMcusXml:71 - Set database path to: /opt/st/stm32cubeide_1.5.1/plugins/com.st.stm32cube.common.mx_6.1.1.202012091304//db//mcu/
2021-01-12 14:24:20,165 [INFO] DbBoardsPdsc:57 - Set plugin database path to: /opt/st/stm32cubeide_1.5.1/plugins/com.st.stm32cube.common.mx_6.1.1.202012091304//db//plugins/boardmanager/
2021-01-12 14:24:20,165 [INFO] DbMcus:259 - Set plugin images path to: /opt/st/stm32cubeide_1.5.1/plugins/com.st.stm32cube.common.mx_6.1.1.202012091304//db//plugins/mcufinder/images/
2021-01-12 14:24:20,165 [INFO] DbBoards:265 - Set plugin images path to: /opt/st/stm32cubeide_1.5.1/plugins/com.st.stm32cube.common.mx_6.1.1.202012091304//db//plugins/mcufinder/images/
2021-01-12 14:24:20,166 [INFO] DbExamples:329 - Set plugin images path to: /opt/st/stm32cubeide_1.5.1/plugins/com.st.stm32cube.common.mx_6.1.1.202012091304//db//plugins/mcufinder/images/
2021-01-12 14:24:20,166 [WARN] DbFile:36 - Overriding database path with different value: /home/keith/.stmcufinder/plugins/mcufinder/ => /home/keith/.stmcufinder/plugins/mcufinder
2021-01-12 14:24:20,166 [INFO] DbMcusDocs:112 - Set database path to: /home/keith/.stmcufinder/plugins/mcufinder//mcu/
2021-01-12 14:24:20,166 [WARN] DbFile:36 - Overriding database path with different value: /home/keith/.stmcufinder/plugins/mcufinder/ => /home/keith/.stmcufinder/plugins/mcufinder
2021-01-12 14:24:20,166 [INFO] DbMcusJson:63 - Set database path to: /home/keith/.stmcufinder/plugins/mcufinder//mcu/
2021-01-12 14:24:20,167 [WARN] DbFile:36 - Overriding database path with different value: /home/keith/.stmcufinder/plugins/mcufinder/ => /home/keith/.stmcufinder/plugins/mcufinder
2021-01-12 14:24:20,167 [INFO] DbBoardsDocs:112 - Set database path to: /home/keith/.stmcufinder/plugins/mcufinder//mcu/
2021-01-12 14:24:20,167 [WARN] DbFile:36 - Overriding database path with different value: /home/keith/.stmcufinder/plugins/mcufinder/ => /home/keith/.stmcufinder/plugins/mcufinder
2021-01-12 14:24:20,167 [INFO] DbBoardsJson:56 - Set database path to: /home/keith/.stmcufinder/plugins/mcufinder//mcu/
2021-01-12 14:24:20,167 [WARN] DbFile:36 - Overriding database path with different value: /home/keith/.stmcufinder/plugins/mcufinder/ => /home/keith/.stmcufinder/plugins/mcufinder
2021-01-12 14:24:20,167 [WARN] DbFile:36 - Overriding database path with different value: /home/keith/.stmcufinder/plugins/mcufinder/ => /home/keith/.stmcufinder/plugins/mcufinder
2021-01-12 14:24:20,168 [INFO] CrossReferenceDbSqlite:196 - Set database path to: /home/keith/.stmcufinder/plugins/mcufinder//mcu/cs/
2021-01-12 14:24:20,168 [WARN] DbFile:36 - Overriding database path with different value: /home/keith/.stmcufinder/plugins/mcufinder/ => /home/keith/.stmcufinder/plugins/mcufinder
2021-01-12 14:24:20,168 [INFO] DbExamplesSqlite:699 - Set database path to: /home/keith/.stmcufinder/plugins/mcufinder//mcu/
2021-01-12 14:24:20,231 [INFO] MainPanel:190 - HeapMemory: 361758720
2021-01-12 14:24:20,304 [INFO] DbMcusXml:71 - Set database path to: /opt/st/stm32cubeide_1.5.1/plugins/com.st.stm32cube.common.mx_6.1.1.202012091304//db//mcu/
2021-01-12 14:24:20,305 [INFO] DbBoardsPdsc:57 - Set plugin database path to: /opt/st/stm32cubeide_1.5.1/plugins/com.st.stm32cube.common.mx_6.1.1.202012091304//db//plugins/boardmanager/
2021-01-12 14:24:20,305 [INFO] DbMcus:259 - Set plugin images path to: /opt/st/stm32cubeide_1.5.1/plugins/com.st.stm32cube.common.mx_6.1.1.202012091304//db//plugins/mcufinder/images/
2021-01-12 14:24:20,305 [INFO] DbBoards:265 - Set plugin images path to: /opt/st/stm32cubeide_1.5.1/plugins/com.st.stm32cube.common.mx_6.1.1.202012091304//db//plugins/mcufinder/images/
2021-01-12 14:24:20,305 [INFO] DbExamples:329 - Set plugin images path to: /opt/st/stm32cubeide_1.5.1/plugins/com.st.stm32cube.common.mx_6.1.1.202012091304//db//plugins/mcufinder/images/
2021-01-12 14:24:20,306 [WARN] DbFile:36 - Overriding database path with different value: /home/keith/.stmcufinder/plugins/mcufinder/ => /home/keith/.stmcufinder/plugins/mcufinder
2021-01-12 14:24:20,306 [INFO] DbMcusDocs:112 - Set database path to: /home/keith/.stmcufinder/plugins/mcufinder//mcu/
2021-01-12 14:24:20,306 [WARN] DbFile:36 - Overriding database path with different value: /home/keith/.stmcufinder/plugins/mcufinder/ => /home/keith/.stmcufinder/plugins/mcufinder
2021-01-12 14:24:20,306 [INFO] DbMcusJson:63 - Set database path to: /home/keith/.stmcufinder/plugins/mcufinder//mcu/
2021-01-12 14:24:20,306 [WARN] DbFile:36 - Overriding database path with different value: /home/keith/.stmcufinder/plugins/mcufinder/ => /home/keith/.stmcufinder/plugins/mcufinder
2021-01-12 14:24:20,306 [INFO] DbBoardsDocs:112 - Set database path to: /home/keith/.stmcufinder/plugins/mcufinder//mcu/
2021-01-12 14:24:20,307 [WARN] DbFile:36 - Overriding database path with different value: /home/keith/.stmcufinder/plugins/mcufinder/ => /home/keith/.stmcufinder/plugins/mcufinder
2021-01-12 14:24:20,307 [INFO] DbBoardsJson:56 - Set database path to: /home/keith/.stmcufinder/plugins/mcufinder//mcu/
2021-01-12 14:24:20,307 [WARN] DbFile:36 - Overriding database path with different value: /home/keith/.stmcufinder/plugins/mcufinder/ => /home/keith/.stmcufinder/plugins/mcufinder
2021-01-12 14:24:20,307 [WARN] DbFile:36 - Overriding database path with different value: /home/keith/.stmcufinder/plugins/mcufinder/ => /home/keith/.stmcufinder/plugins/mcufinder
2021-01-12 14:24:20,307 [INFO] CrossReferenceDbSqlite:196 - Set database path to: /home/keith/.stmcufinder/plugins/mcufinder//mcu/cs/
2021-01-12 14:24:20,307 [WARN] DbFile:36 - Overriding database path with different value: /home/keith/.stmcufinder/plugins/mcufinder/ => /home/keith/.stmcufinder/plugins/mcufinder
2021-01-12 14:24:20,307 [INFO] DbExamplesSqlite:699 - Set database path to: /home/keith/.stmcufinder/plugins/mcufinder//mcu/
2021-01-12 14:24:20,324 [INFO] ApplicationProperties:181 - Using Application install path: /opt/st/stm32cubeide_1.5.1/plugins/com.st.stm32cube.common.mx_6.1.1.202012091304
2021-01-12 14:24:20,326 [INFO] PluginManage:178 - Search for loadable plugins [exclusion list=, ]
2021-01-12 14:24:20,327 [INFO] PluginManage:292 - Check plugin analytics
2021-01-12 14:24:20,486 [INFO] AnalyticsPlugin:225 - Accepted Software Licenses: 
2021-01-12 14:24:20,487 [INFO] AnalyticsPlugin:227 - Accepted CMSIS Pack Licenses: 
2021-01-12 14:24:20,487 [INFO] AnalyticsPlugin:229 - Accepted Firmware Licenses: 
2021-01-12 14:24:20,490 [INFO] PluginManage:342 - Loaded plugin analytics (category:tool,tabindex:-1)
2021-01-12 14:24:20,491 [INFO] PluginManage:292 - Check plugin clock
2021-01-12 14:24:20,506 [INFO] PluginManage:342 - Loaded plugin clock (category:base,tabindex:2)
2021-01-12 14:24:20,507 [INFO] PluginManage:292 - Check plugin ddr
2021-01-12 14:24:20,509 [INFO] PluginManage:342 - Loaded plugin ddr (category:tool,tabindex:6)
2021-01-12 14:24:20,510 [INFO] PluginManage:292 - Check plugin filemanager
2021-01-12 14:24:20,641 [INFO] PluginManage:342 - Loaded plugin filemanager (category:base,tabindex:10)
2021-01-12 14:24:20,641 [INFO] PluginManage:292 - Check plugin ipmanager
2021-01-12 14:24:20,647 [INFO] PluginManage:342 - Loaded plugin ipmanager (category:base,tabindex:5)
2021-01-12 14:24:20,648 [INFO] PluginManage:292 - Check plugin pinoutandconfiguration
2021-01-12 14:24:20,657 [INFO] PluginManage:342 - Loaded plugin pinoutandconfiguration (category:base,tabindex:1)
2021-01-12 14:24:20,657 [INFO] PluginManage:292 - Check plugin pinoutconfig
2021-01-12 14:24:20,682 [INFO] PluginManage:342 - Loaded plugin pinoutconfig (category:base,tabindex:0)
2021-01-12 14:24:20,683 [INFO] PluginManage:292 - Check plugin power
2021-01-12 14:24:20,695 [INFO] PluginManage:342 - Loaded plugin power (category:power,tabindex:4)
2021-01-12 14:24:20,696 [INFO] PluginManage:292 - Check plugin projectmanager
2021-01-12 14:24:20,716 [INFO] PluginManage:342 - Loaded plugin projectmanager (category:projectmanager,tabindex:3)
2021-01-12 14:24:20,716 [INFO] PluginManage:292 - Check plugin thirdparty
2021-01-12 14:24:20,861 [INFO] PluginManage:342 - Loaded plugin thirdparty (category:base,tabindex:-1)
2021-01-12 14:24:20,861 [INFO] PluginManage:292 - Check plugin tools
2021-01-12 14:24:20,861 [WARN] IntegrityCheckThread:59 - waiting for thirdparty lock release [integrity check]
2021-01-12 14:24:20,862 [INFO] IntegrityCheckThread:61 - entering critical section [integrity check]
2021-01-12 14:24:20,863 [INFO] ThirdPartyUpdaterWithRetryManager:56 - Updater plugin not ready yet. [1/15]
2021-01-12 14:24:20,864 [INFO] PluginManage:342 - Loaded plugin tools (category:base,tabindex:7)
2021-01-12 14:24:20,864 [INFO] PluginManage:292 - Check plugin tutovideos
2021-01-12 14:24:21,070 [INFO] PluginManage:342 - Loaded plugin tutovideos (category:base,tabindex:-1)
2021-01-12 14:24:21,070 [INFO] PluginManage:292 - Check plugin updater
2021-01-12 14:24:21,085 [INFO] PluginManage:342 - Loaded plugin updater (category:base,tabindex:12)
2021-01-12 14:24:21,086 [INFO] PluginManage:265 - PluginManage : Loaded plugins [13]
2021-01-12 14:24:21,333 [INFO] PinOutPanel:1434 - setPackage(No Configuration,No Configuration)
2021-01-12 14:24:21,433 [INFO] IPUIPlugin:64 - create IPUIPlugin
2021-01-12 14:24:21,437 [INFO] PluginManager:203 - loadIPPluginJar : add plateformsettings
2021-01-12 14:24:21,441 [INFO] IPUIPlugin:64 - create IPUIPlugin
2021-01-12 14:24:21,441 [INFO] PluginManager:203 - loadIPPluginJar : add tim
2021-01-12 14:24:21,448 [INFO] IPUIPlugin:64 - create IPUIPlugin
2021-01-12 14:24:21,448 [INFO] PluginManager:203 - loadIPPluginJar : add pdm2pcm
2021-01-12 14:24:21,455 [INFO] IPUIPlugin:64 - create IPUIPlugin
2021-01-12 14:24:21,456 [INFO] PluginManager:203 - loadIPPluginJar : add gic
2021-01-12 14:24:21,459 [INFO] IPUIPlugin:64 - create IPUIPlugin
2021-01-12 14:24:21,459 [INFO] PluginManager:203 - loadIPPluginJar : add tsc
2021-01-12 14:24:21,461 [INFO] IPUIPlugin:64 - create IPUIPlugin
2021-01-12 14:24:21,461 [INFO] PluginManager:203 - loadIPPluginJar : add ltdc
2021-01-12 14:24:21,464 [INFO] IPUIPlugin:64 - create IPUIPlugin
2021-01-12 14:24:21,464 [INFO] PluginManager:203 - loadIPPluginJar : add openamp
2021-01-12 14:24:21,466 [INFO] IPUIPlugin:64 - create IPUIPlugin
2021-01-12 14:24:21,466 [INFO] PluginManager:203 - loadIPPluginJar : add fatfs
2021-01-12 14:24:21,470 [INFO] IPUIPlugin:64 - create IPUIPlugin
2021-01-12 14:24:21,470 [INFO] PluginManager:203 - loadIPPluginJar : add sai
2021-01-12 14:24:21,477 [INFO] IPUIPlugin:64 - create IPUIPlugin
2021-01-12 14:24:21,477 [INFO] PluginManager:203 - loadIPPluginJar : add freertos
2021-01-12 14:24:21,479 [INFO] IPUIPlugin:64 - create IPUIPlugin
2021-01-12 14:24:21,480 [INFO] PluginManager:203 - loadIPPluginJar : add spi
2021-01-12 14:24:21,483 [INFO] IPUIPlugin:64 - create IPUIPlugin
2021-01-12 14:24:21,483 [INFO] PluginManager:203 - loadIPPluginJar : add mdma
2021-01-12 14:24:21,486 [INFO] IPUIPlugin:64 - create IPUIPlugin
2021-01-12 14:24:21,487 [INFO] PluginManager:203 - loadIPPluginJar : add i2s
2021-01-12 14:24:21,489 [INFO] IPUIPlugin:64 - create IPUIPlugin
2021-01-12 14:24:21,489 [INFO] PluginManager:203 - loadIPPluginJar : add comp
2021-01-12 14:24:21,492 [INFO] IPUIPlugin:64 - create IPUIPlugin
2021-01-12 14:24:21,493 [INFO] PluginManager:203 - loadIPPluginJar : add usart
2021-01-12 14:24:21,496 [INFO] IPUIPlugin:64 - create IPUIPlugin
2021-01-12 14:24:21,496 [INFO] PluginManager:203 - loadIPPluginJar : add can
2021-01-12 14:24:21,498 [INFO] IPUIPlugin:64 - create IPUIPlugin
2021-01-12 14:24:21,498 [INFO] PluginManager:203 - loadIPPluginJar : add dfsdm
2021-01-12 14:24:21,500 [INFO] IPUIPlugin:64 - create IPUIPlugin
2021-01-12 14:24:21,500 [INFO] PluginManager:203 - loadIPPluginJar : add genericplugin
2021-01-12 14:24:21,503 [INFO] IPUIPlugin:64 - create IPUIPlugin
2021-01-12 14:24:21,503 [INFO] PluginManager:203 - loadIPPluginJar : add opamp
2021-01-12 14:24:21,506 [INFO] IPUIPlugin:64 - create IPUIPlugin
2021-01-12 14:24:21,506 [INFO] PluginManager:203 - loadIPPluginJar : add i2c
2021-01-12 14:24:21,509 [INFO] IPUIPlugin:64 - create IPUIPlugin
2021-01-12 14:24:21,509 [INFO] PluginManager:203 - loadIPPluginJar : add aes
2021-01-12 14:24:21,512 [INFO] IPUIPlugin:64 - create IPUIPlugin
2021-01-12 14:24:21,513 [INFO] PluginManager:203 - loadIPPluginJar : add stm32_wpan
2021-01-12 14:24:21,516 [INFO] IPUIPlugin:64 - create IPUIPlugin
2021-01-12 14:24:21,516 [INFO] PluginManager:203 - loadIPPluginJar : add fmc
2021-01-12 14:24:21,518 [INFO] IPUIPlugin:64 - create IPUIPlugin
2021-01-12 14:24:21,518 [INFO] PluginManager:203 - loadIPPluginJar : add gfxmmu
2021-01-12 14:24:21,525 [INFO] IPUIPlugin:64 - create IPUIPlugin
2021-01-12 14:24:21,525 [INFO] PluginManager:203 - loadIPPluginJar : add adc
2021-01-12 14:24:21,529 [INFO] IPUIPlugin:64 - create IPUIPlugin
2021-01-12 14:24:21,529 [INFO] PluginManager:203 - loadIPPluginJar : add resmgrutility
2021-01-12 14:24:21,532 [INFO] IPUIPlugin:64 - create IPUIPlugin
2021-01-12 14:24:21,532 [INFO] PluginManager:203 - loadIPPluginJar : add lorawan
2021-01-12 14:24:21,533 [INFO] IPUIPlugin:64 - create IPUIPlugin
2021-01-12 14:24:21,533 [INFO] PluginManager:203 - loadIPPluginJar : add ucpd
2021-01-12 14:24:21,536 [INFO] IPUIPlugin:64 - create IPUIPlugin
2021-01-12 14:24:21,536 [INFO] PluginManager:203 - loadIPPluginJar : add cryp
2021-01-12 14:24:21,538 [INFO] IPUIPlugin:64 - create IPUIPlugin
2021-01-12 14:24:21,538 [INFO] PluginManager:203 - loadIPPluginJar : add hash
2021-01-12 14:24:21,540 [INFO] IPUIPlugin:64 - create IPUIPlugin
2021-01-12 14:24:21,540 [INFO] PluginManager:203 - loadIPPluginJar : add ipddr
2021-01-12 14:24:21,542 [INFO] IPUIPlugin:64 - create IPUIPlugin
2021-01-12 14:24:21,542 [INFO] PluginManager:203 - loadIPPluginJar : add quadspi
2021-01-12 14:24:21,544 [INFO] IPUIPlugin:64 - create IPUIPlugin
2021-01-12 14:24:21,544 [INFO] PluginManager:203 - loadIPPluginJar : add gtzc
2021-01-12 14:24:21,549 [INFO] IPUIPlugin:64 - create IPUIPlugin
2021-01-12 14:24:21,549 [INFO] PluginManager:203 - loadIPPluginJar : add dma
2021-01-12 14:24:21,552 [INFO] IPUIPlugin:64 - create IPUIPlugin
2021-01-12 14:24:21,553 [INFO] PluginManager:203 - loadIPPluginJar : add nvic
2021-01-12 14:24:21,557 [INFO] IPUIPlugin:64 - create IPUIPlugin
2021-01-12 14:24:21,557 [INFO] PluginManager:203 - loadIPPluginJar : add gpio
2021-01-12 14:24:21,559 [INFO] IPUIPlugin:64 - create IPUIPlugin
2021-01-12 14:24:21,559 [INFO] PluginManager:203 - loadIPPluginJar : add tracer_emb
2021-01-12 14:24:21,560 [INFO] IPUIPlugin:64 - create IPUIPlugin
2021-01-12 14:24:21,560 [INFO] PluginManager:203 - loadIPPluginJar : add ts
2021-01-12 14:24:21,563 [INFO] IPUIPlugin:64 - create IPUIPlugin
2021-01-12 14:24:21,563 [INFO] PluginManager:203 - loadIPPluginJar : add touchsensing
2021-01-12 14:24:21,841 [FATAL] Updater:284 - Updater called before beeing initialized
2021-01-12 14:24:21,926 [FATAL] Updater:284 - Updater called before beeing initialized
2021-01-12 14:24:21,994 [WARN] DetailPanel:347 - Failed to get advertising image, set to default
2021-01-12 14:24:21,998 [FATAL] Updater:284 - Updater called before beeing initialized
2021-01-12 14:24:21,998 [WARN] DetailPanel:347 - Failed to get advertising image, set to default
2021-01-12 14:24:22,027 [FATAL] Updater:284 - Updater called before beeing initialized
2021-01-12 14:24:22,027 [WARN] ThirdParty:783 - waiting for thirdparty lock release [close project]
2021-01-12 14:24:23,863 [INFO] ThirdPartyUpdaterWithRetryManager:56 - Updater plugin not ready yet. [2/15]
2021-01-12 14:24:26,864 [FATAL] Updater:284 - Updater called before beeing initialized
2021-01-12 14:24:26,864 [ERROR] AbstractThirdPartyUpdaterManager:153 - java.lang.Integer cannot be cast to java.util.List
2021-01-12 14:24:26,864 [INFO] ThirdParty:887 - Integrity check success = false
2021-01-12 14:24:26,865 [INFO] IntegrityCheckThread:75 - exiting critical section [integrity check]
2021-01-12 14:24:26,865 [INFO] IntegrityCheckThread:78 - End integrity checks thread
2021-01-12 14:24:26,865 [INFO] ThirdParty:785 - entering critical section [close project]
2021-01-12 14:24:26,867 [INFO] ThirdParty:796 - exiting critical section [close project]
2021-01-12 14:24:26,870 [INFO] PinOutPanel:1434 - setPackage(No Configuration,No Configuration)
2021-01-12 14:24:26,871 [FATAL] Updater:284 - Updater called before beeing initialized
2021-01-12 14:24:26,879 [ERROR] Updater:1065 - MainUpdater not yet initialized. External WinMGr cannot be set.
2021-01-12 14:24:26,881 [INFO] Updater:1002 - Updater Version found : 6.1.1
2021-01-12 14:24:26,904 [INFO] ApplicationProperties:181 - Using Application install path: /opt/st/stm32cubeide_1.5.1/plugins/com.st.stm32cube.common.mx_6.1.1.202012091304
2021-01-12 14:24:26,933 [INFO] MainUpdater:473 - Copy updater definitions from MX database
2021-01-12 14:24:26,984 [INFO] MainUpdater:506 - Copy flag file definitions from MX database
2021-01-12 14:24:26,985 [INFO] MainUpdater:522 - Copy thirdparty index definitions from MX database
2021-01-12 14:24:26,986 [INFO] MainUpdater:541 - Copy default thirdparty db definitions from MX database
2021-01-12 14:24:27,070 [INFO] MainUpdater:2644 - connection check result : 10
2021-01-12 14:24:27,071 [INFO] MainUpdater:3332 - Updater definition file requires update
2021-01-12 14:24:27,071 [INFO] MainUpdater:249 - Updater Check For Update Now.
2021-01-12 14:24:27,072 [INFO] MicroXplorer:415 - Change Database Version : DB.6.0.10
2021-01-12 14:24:27,219 [INFO] ServerAccessManage:348 - Download File updaters.zip
2021-01-12 14:24:27,365 [INFO] FileExtend:225 - Unzip File : updaters.zip
2021-01-12 14:24:27,365 [INFO] FileExtend:240 - Standard Zip Deflate
2021-01-12 14:24:27,948 [INFO] ServerAccessManage:348 - Download File PacksControlFlags.xml
2021-01-12 14:24:28,395 [INFO] ServerAccessManage:348 - Download File cubemx.pidx
2021-01-12 14:24:28,904 [INFO] ServerAccessManage:348 - Download File STMicroelectronics.X-CUBE-AI.pdsc
2021-01-12 14:24:29,618 [INFO] ServerAccessManage:348 - Download File STMicroelectronics.X-CUBE-BLE1.pdsc
2021-01-12 14:24:31,255 [ERROR] ServerAccessManage:947 - Problem, file not found on Server
2021-01-12 14:24:31,393 [INFO] ServerAccessManage:348 - Download File STMicroelectronics.X-CUBE-BLE2.pdsc
2021-01-12 14:24:31,688 [INFO] ServerAccessManage:348 - Download File STMicroelectronics.X-CUBE-DISPLAY.pdsc
2021-01-12 14:24:31,989 [INFO] ServerAccessManage:348 - Download File STMicroelectronics.X-CUBE-EEPRMA1.pdsc
2021-01-12 14:24:32,165 [INFO] ServerAccessManage:348 - Download File STMicroelectronics.X-CUBE-GNSS1.pdsc
2021-01-12 14:24:32,895 [ERROR] ServerAccessManage:947 - Problem, file not found on Server
2021-01-12 14:24:33,336 [ERROR] ServerAccessManage:947 - Problem, file not found on Server
2021-01-12 14:24:33,766 [ERROR] ServerAccessManage:947 - Problem, file not found on Server
2021-01-12 14:24:34,192 [ERROR] ServerAccessManage:947 - Problem, file not found on Server
2021-01-12 14:24:34,583 [ERROR] ServerAccessManage:947 - Problem, file not found on Server
2021-01-12 14:24:34,881 [ERROR] ServerAccessManage:947 - Problem, file not found on Server
2021-01-12 14:24:35,022 [INFO] ServerAccessManage:348 - Download File STMicroelectronics.X-CUBE-MEMS1.pdsc
2021-01-12 14:24:35,794 [INFO] ServerAccessManage:348 - Download File STMicroelectronics.X-CUBE-NFC4.pdsc
2021-01-12 14:24:36,289 [INFO] ServerAccessManage:348 - Download File STMicroelectronics.X-CUBE-SFXS2LP1.pdsc
2021-01-12 14:24:36,490 [INFO] ServerAccessManage:348 - Download File STMicroelectronics.X-CUBE-SUBG2.pdsc
2021-01-12 14:24:36,839 [INFO] ServerAccessManage:348 - Download File STMicroelectronics.X-CUBE-TOUCHGFX.pdsc
2021-01-12 14:24:37,099 [INFO] MainUpdater:2644 - connection check result : 10
2021-01-12 14:24:37,231 [INFO] ServerAccessManage:348 - Download File STMicroelectronics.X-CUBE-ALGOBUILD.pdsc
2021-01-12 14:24:37,500 [INFO] CheckServerUpdateThread:102 - End of CheckServer Thread
2021-01-12 14:24:37,704 [INFO] CrossSelectorPresenter:1330 - Cross Selector saved comparison directory: /home/keith/.stmcufinder/plugins/mcufinder/mcu/cs_comparisons_mx
2021-01-12 14:24:37,712 [INFO] MultiScanPanel:198 - Auto-refresh data requested => check proxy status ongoing
2021-01-12 14:24:37,715 [INFO] FinderPluginLoader:87 - Searching for filters in installed packs
2021-01-12 14:24:37,716 [INFO] DbMcusXml:97 - Load MCU database from /opt/st/stm32cubeide_1.5.1/plugins/com.st.stm32cube.common.mx_6.1.1.202012091304//db//mcu/families.xml
2021-01-12 14:24:37,861 [WARN] ConditionMgr:437 - getConditionDescription Invalid condition id : SIGFOX STM32 LIB Condition cause : null
2021-01-12 14:24:37,862 [WARN] ConditionMgr:437 - getConditionDescription Invalid condition id : Sigfox Third Party LIB Condition cause : null
2021-01-12 14:24:37,864 [WARN] ConditionMgr:1040 - genDependencies : Invalid condition id : SIGFOX STM32 LIB Condition cause : null
2021-01-12 14:24:37,865 [WARN] ConditionMgr:1040 - genDependencies : Invalid condition id : Sigfox Third Party LIB Condition cause : null
2021-01-12 14:24:37,865 [WARN] ConditionMgr:1040 - genDependencies : Invalid condition id : Sigfox Third Party LIB Condition cause : null
2021-01-12 14:24:37,865 [WARN] ConditionMgr:1040 - genDependencies : Invalid condition id : SIGFOX STM32 LIB Condition cause : null
2021-01-12 14:24:37,866 [WARN] ConditionMgr:1040 - genDependencies : Invalid condition id : SIGFOX STM32 LIB Condition cause : null
2021-01-12 14:24:37,866 [WARN] ConditionMgr:1040 - genDependencies : Invalid condition id : Sigfox Third Party LIB Condition cause : null
2021-01-12 14:24:37,892 [INFO] PopulateThirdPartyThread:50 - Ending populate Thread
2021-01-12 14:24:37,894 [INFO] ThirdParty:939 - CMSIS Pack Vendor :STMicroelectronics X-CUBE-GNSS1 5.1.0
2021-01-12 14:24:37,894 [INFO] ThirdParty:939 - CMSIS Pack Vendor :STMicroelectronics X-CUBE-BLE1 6.1.0
2021-01-12 14:24:37,894 [INFO] ThirdParty:939 - CMSIS Pack Vendor :STMicroelectronics X-CUBE-SFXS2LP1 2.0.0
2021-01-12 14:24:37,894 [INFO] ThirdParty:939 - CMSIS Pack Vendor :STMicroelectronics X-CUBE-MEMS1 8.2.0
2021-01-12 14:24:37,894 [INFO] ThirdParty:939 - CMSIS Pack Vendor :STMicroelectronics X-CUBE-EEPRMA1 3.0.0
2021-01-12 14:24:37,894 [INFO] ThirdParty:939 - CMSIS Pack Vendor :STMicroelectronics X-CUBE-DISPLAY 1.0.0
2021-01-12 14:24:37,894 [INFO] ThirdParty:939 - CMSIS Pack Vendor :STMicroelectronics X-CUBE-SUBG2 3.0.1
2021-01-12 14:24:37,894 [INFO] ThirdParty:939 - CMSIS Pack Vendor :STMicroelectronics X-CUBE-AI 5.2.0
2021-01-12 14:24:37,895 [INFO] ThirdParty:939 - CMSIS Pack Vendor :STMicroelectronics X-CUBE-NFC4 2.0.1
2021-01-12 14:24:37,895 [INFO] ThirdParty:939 - CMSIS Pack Vendor :STMicroelectronics X-CUBE-TOUCHGFX 4.16.0
2021-01-12 14:24:37,895 [INFO] ThirdParty:939 - CMSIS Pack Vendor :STMicroelectronics X-CUBE-BLE2 3.1.0
2021-01-12 14:24:37,895 [INFO] ThirdParty:939 - CMSIS Pack Vendor :STMicroelectronics X-CUBE-ALGOBUILD 1.1.0
2021-01-12 14:24:37,895 [INFO] LoadServerUpdatesThread:329 - End of LoadServerUpdate Thread
2021-01-12 14:24:38,513 [INFO] DbMcusJson:92 - JSON generation date=Thu Nov 05 10:05:07 CST 2020 (1604592307)
2021-01-12 14:24:39,240 [INFO] DbMcus:176 - Found 1835 MCUs (1796 are supported by CubeMX, 1796 are visible in CubeMX)
2021-01-12 14:24:39,240 [INFO] ApiDb:229 - User favorites file not found: /home/keith/.stm32cubeide/favorites.mcus.txt
2021-01-12 14:24:39,240 [INFO] DbMcus:188 - Set 0 / 0 favorites MCUs
2021-01-12 14:24:39,632 [WARN] DetailPanel:347 - Failed to get advertising image, set to default
2021-01-12 14:24:39,894 [INFO] McuFilterPanel:245 - Update 0 favorites MCUs
2021-01-12 14:24:39,970 [INFO] DbBoardsPdsc:91 - Found 9 items
2021-01-12 14:24:39,973 [INFO] DbBoardsPdsc:91 - Found 32 items
2021-01-12 14:24:39,975 [INFO] DbBoardsPdsc:91 - Found 4 items
2021-01-12 14:24:39,978 [INFO] DbBoardsPdsc:91 - Found 24 items
2021-01-12 14:24:39,979 [INFO] DbBoardsPdsc:91 - Found 2 items
2021-01-12 14:24:39,984 [INFO] DbBoardsPdsc:91 - Found 45 items
2021-01-12 14:24:39,990 [INFO] DbBoardsPdsc:91 - Found 41 items
2021-01-12 14:24:39,991 [INFO] DbBoardsPdsc:91 - Found 1 items
2021-01-12 14:24:39,996 [WARN] DbBoardsPdsc:255 - Board STM32H7B3I-DK: unknown feature type=Audio, name=, username=Audio stereo codec with Headphone Amp (CS42L51-CNZ), n=1
2021-01-12 14:24:39,997 [WARN] DbBoardsPdsc:255 - Board STM32H735G-DK: unknown feature type=Audio, name=, username=Audio stereo codec with Headphone Amp (WM8994ECS/R), n=1
2021-01-12 14:24:39,999 [WARN] DbBoardsPdsc:255 - Board STM32H7B3I-EVAL: unknown feature type=Audio, name=, username=Multi-Channel Audio Codec (CS42L51-CNZ), n=1
2021-01-12 14:24:39,999 [WARN] DbBoardsPdsc:255 - Board STM32H7B3I-EVAL: unknown feature type=Meter, name=, username=Power-metering and Temperature-monitoring with sigma-delta modulators, n=1
2021-01-12 14:24:39,999 [WARN] DbBoardsPdsc:255 - Board STM32H7B3I-EVAL: unknown feature type=Motor, name=, username=Motor Control, n=1
2021-01-12 14:24:40,040 [INFO] DbBoardsJson:85 - JSON generation date=Thu Nov 05 08:55:26 CST 2020 (1604588126)
2021-01-12 14:24:40,049 [INFO] DbBoards:118 - Found 158 boards (155 are supported by CubeMX)
2021-01-12 14:24:40,065 [INFO] DbBoardsDocs:145 - JSON generation date=Thu Nov 05 10:05:07 CST 2020 (1604592307)
2021-01-12 14:24:40,107 [INFO] DbBoardsDocs:81 - Found 190 boards documents
2021-01-12 14:24:40,108 [WARN] DbBoards:128 - board B-L462E-CELL1 has no document id list !
2021-01-12 14:24:40,108 [WARN] DbBoards:128 - board B-L475E-IOT01A2 has no document id list !
2021-01-12 14:24:40,110 [WARN] DbBoards:128 - board NUCLEO-G0B1RE has no document id list !
2021-01-12 14:24:40,110 [WARN] DbBoards:128 - board NUCLEO-G491RE has no document id list !
2021-01-12 14:24:40,110 [WARN] DbBoards:128 - board NUCLEO-H743ZI2 has no document id list !
2021-01-12 14:24:40,111 [WARN] DbBoards:128 - board NUCLEO-L4A6ZG has no document id list !
2021-01-12 14:24:40,112 [WARN] DbBoards:128 - board NUCLEO-WB55RG has no document id list !
2021-01-12 14:24:40,112 [WARN] DbBoards:128 - board NUCLEO-WL55JC1 has no document id list !
2021-01-12 14:24:40,112 [WARN] DbBoards:128 - board NUCLEO-WL55JC2 has no document id list !
2021-01-12 14:24:40,112 [WARN] DbBoards:128 - board P-NUCLEO-WB55-Nucleo has no document id list !
2021-01-12 14:24:40,112 [WARN] DbBoards:128 - board P-NUCLEO-WB55-USBDongle has no document id list !
2021-01-12 14:24:40,113 [WARN] DbBoards:128 - board STEVAL-BFA001V1B has no document id list !
2021-01-12 14:24:40,113 [WARN] DbBoards:128 - board STEVAL-BFA001V2B has no document id list !
2021-01-12 14:24:40,113 [WARN] DbBoards:128 - board STEVAL-IDP005V1 has no document id list !
2021-01-12 14:24:40,113 [WARN] DbBoards:128 - board STEVAL-IDP005V2 has no document id list !
2021-01-12 14:24:40,113 [WARN] DbBoards:128 - board STEVAL-MKSBOX1V1 has no document id list !
2021-01-12 14:24:40,113 [WARN] DbBoards:128 - board STEVAL-STWINKT1 has no document id list !
2021-01-12 14:24:40,114 [WARN] DbBoards:128 - board STM32F401C-DISCO has no document id list !
2021-01-12 14:24:40,115 [WARN] DbBoards:128 - board STM32F769I-DISC1 has no document id list !
2021-01-12 14:24:40,115 [WARN] DbBoards:128 - board STM32G0C1E-EV has no document id list !
2021-01-12 14:24:40,116 [WARN] DbBoards:128 - board STM32G474E-EVAL1 has no document id list !
2021-01-12 14:24:40,116 [WARN] DbBoards:128 - board STM32H743I-EVAL2 has no document id list !
2021-01-12 14:24:40,116 [WARN] DbBoards:128 - board STM32H747I-DISC1 has no document id list !
2021-01-12 14:24:40,117 [WARN] DbBoards:128 - board STM32H753I-EVAL2 has no document id list !
2021-01-12 14:24:40,117 [WARN] DbBoards:128 - board STM32L-DISCOVERY has no document id list !
2021-01-12 14:24:40,118 [WARN] DbBoards:128 - board STM32MP157A-DK1 has no document id list !
2021-01-12 14:24:40,118 [WARN] DbBoards:128 - board STM32MP157F-DK2 has no document id list !
2021-01-12 14:24:40,118 [WARN] DbBoards:128 - board STM32MP157F-EV1 has no document id list !
2021-01-12 14:24:41,258 [ERROR] DbBoards:190 - Image file not found for board STM32H747I-EVAL: /opt/st/stm32cubeide_1.5.1/plugins/com.st.stm32cube.common.mx_6.1.1.202012091304//db//plugins/mcufinder/images/boards/stm32h747ieval_small.jpg
2021-01-12 14:24:41,271 [ERROR] DbBoards:190 - Image file not found for board STM32H757I-EVAL: /opt/st/stm32cubeide_1.5.1/plugins/com.st.stm32cube.common.mx_6.1.1.202012091304//db//plugins/mcufinder/images/boards/stm32h747ieval_small.jpg
2021-01-12 14:24:41,271 [ERROR] DbBoards:190 - Image file not found for board STM32H7B3I-DK: /opt/st/stm32cubeide_1.5.1/plugins/com.st.stm32cube.common.mx_6.1.1.202012091304//db//plugins/mcufinder/images/boards/stm32h7b3i-dk_small.jpg
2021-01-12 14:24:41,476 [INFO] ApiDb:229 - User favorites file not found: /home/keith/.stm32cubeide/favorites.boards.txt
2021-01-12 14:24:41,477 [INFO] DbBoards:207 - Set 0 / 0 favorites Boards
2021-01-12 14:25:34,641 [INFO] MultiScanPanel:198 - Auto-refresh data requested => check proxy status ongoing
2021-01-12 14:25:34,713 [WARN] DetailPanel:347 - Failed to get advertising image, set to default
2021-01-12 14:25:34,736 [INFO] BoardFilterPanel:214 - Update 0 favorites Boards
2021-01-12 14:29:17,142 [INFO] GuiUtils:222 - Cannot open the file :/home/keith/STM32Cube/Repository///DB1421.pdf using Desktop.
2021-01-12 14:29:17,210 [INFO] BoardAction:142 - Datasheet
2021-01-12 14:30:02,504 [INFO] BoardAction:77 - Docs & Resources
2021-01-12 14:30:33,723 [INFO] GuiUtils:222 - Cannot open the file :/home/keith/STM32Cube/Repository///UM1472.pdf using Desktop.
2021-01-12 14:31:40,990 [INFO] ApiDb:263 - Save user favorites file /home/keith/.stm32cubeide/favorites.mcus.txt: 0 item(s)
2021-01-12 14:31:40,991 [INFO] ApiDb:267 - User favorites MCUs=[]
2021-01-12 14:31:40,995 [INFO] ApiDb:263 - Save user favorites file /home/keith/.stm32cubeide/favorites.boards.txt: 0 item(s)
2021-01-12 14:31:40,995 [INFO] ApiDb:267 - User favorites Boards=[]
2021-01-12 14:49:37,295 [INFO] Activator:170 - 


2021-01-12 14:49:37,298 [INFO] Activator:171 - !SESSION log4j initialized
